CS250: lab4. wu1669 Wed 15 Jun 2022 10:07:48 PM EDT  Total:  10 of 100

CS250: lab4. wu1669 Wed 15 Jun 2022 10:10:13 PM EDT  Total:  20 of 100

CS250: lab4. wu1669 Wed 15 Jun 2022 10:24:55 PM EDT  Total:  30 of 100

CS250: lab4. wu1669 Wed 15 Jun 2022 10:48:26 PM EDT  Total:  40 of 100

CS250: lab4. wu1669 Wed 15 Jun 2022 10:59:49 PM EDT  Total:  40 of 100

CS250: lab4. wu1669 Wed 15 Jun 2022 11:02:26 PM EDT  Total:  40 of 100

CS250: lab4. wu1669 Wed 15 Jun 2022 11:03:01 PM EDT  Total:  40 of 100

CS250: lab4. wu1669 Wed 15 Jun 2022 11:13:59 PM EDT  Total:  40 of 100

CS250: lab4. wu1669 Wed 15 Jun 2022 11:16:51 PM EDT  Total:  40 of 100

CS250: lab4. wu1669 Wed 15 Jun 2022 11:28:01 PM EDT  Total:  40 of 100

CS250: lab4. wu1669 Wed 15 Jun 2022 11:31:57 PM EDT  Total:  40 of 100

CS250: lab4. wu1669 Wed 15 Jun 2022 11:36:43 PM EDT  Total:  40 of 100

CS250: lab4. wu1669 Wed 15 Jun 2022 11:39:59 PM EDT  Total:  50 of 100

CS250: lab4. wu1669 Wed 15 Jun 2022 11:51:04 PM EDT  Total:  0 of 100

CS250: lab4. wu1669 Thu 16 Jun 2022 12:03:41 AM EDT  Total:  0 of 100

CS250: lab4. wu1669 Thu 16 Jun 2022 12:03:46 AM EDT  Total:  0 of 100

CS250: lab4. wu1669 Thu 16 Jun 2022 01:00:01 PM EDT  Total:  50 of 100

CS250: lab4. wu1669 Thu 16 Jun 2022 01:03:12 PM EDT  Total:  50 of 100

CS250: lab4. wu1669 Thu 16 Jun 2022 01:12:20 PM EDT  Total:  50 of 100

CS250: lab4. wu1669 Thu 16 Jun 2022 01:27:44 PM EDT  Total:  50 of 100

CS250: lab4. wu1669 Thu 16 Jun 2022 01:28:34 PM EDT  Total:  50 of 100

CS250: lab4. wu1669 Thu 16 Jun 2022 01:39:05 PM EDT  Total:  50 of 100

CS250: lab4. wu1669 Thu 16 Jun 2022 01:39:57 PM EDT  Total:  100 of 100

CS250: lab4. wu1669 Tue 21 Jun 2022 01:55:19 AM EDT  Total:  100 of 100

CS250: lab4. wu1669 Tue 21 Jun 2022 01:59:35 AM EDT  Total:  100 of 100

CS250: lab4. wu1669 Tue 21 Jun 2022 01:59:51 AM EDT  Total:  100 of 100

CS250: lab4. wu1669 Tue 21 Jun 2022 02:04:44 AM EDT  Total:  69 of 100

CS250: lab4. wu1669 Tue 21 Jun 2022 02:06:42 AM EDT  Total:  69 of 100

CS250: lab4. wu1669 Tue 21 Jun 2022 02:12:10 AM EDT  Total:  100 of 100

CS250: lab4. wu1669 Tue 21 Jun 2022 02:16:19 AM EDT  Total:  100 of 100

CS250: lab4. wu1669 Tue 21 Jun 2022 02:17:57 AM EDT  Total:  100 of 100

CS250: lab4. wu1669 Tue 21 Jun 2022 02:32:15 AM EDT  Total:  66 of 100

CS250: lab4. wu1669 Tue 21 Jun 2022 02:33:00 AM EDT  Total:  100 of 100

CS250: lab4. wu1669 Tue 21 Jun 2022 11:41:33 PM EDT  Total:  97 of 100

CS250: lab4. wu1669 Wed 22 Jun 2022 12:13:17 AM EDT  Total:  97 of 100

CS250: lab4. wu1669 Wed 22 Jun 2022 12:17:47 AM EDT  Total:  100 of 100

CS250: lab4. wu1669 Wed 22 Jun 2022 04:28:32 PM EDT  Total:  100 of 100

CS250: lab4. wu1669 Wed 22 Jun 2022 10:55:14 PM EDT  Total:  100 of 100

CS250: lab4. wu1669 Wed 22 Jun 2022 10:58:26 PM EDT  Total:  100 of 100

CS250: lab4. wu1669 Wed 22 Jun 2022 11:08:17 PM EDT  Total:  94 of 100

CS250: lab4. wu1669 Wed 22 Jun 2022 11:09:24 PM EDT  Total:  100 of 100

CS250: lab4. wu1669 Wed 22 Jun 2022 11:14:15 PM EDT  Total:  100 of 100

CS250: lab4. wu1669 Thu 23 Jun 2022 01:28:03 AM EDT  Total:  100 of 100

CS250: lab4. wu1669 Thu 23 Jun 2022 01:13:41 PM EDT  Total:  100 of 100

